<?xml version="1.0" encoding="UTF-8" ?>
<testsuite tests="18" failures="0" name="com.mycompany.uwomapviewer.dataStorageTest" time="0.106" errors="0" skipped="0">
  <properties>
[...]
</properties>
  <testcase classname="com.mycompany.uwomapviewer.dataStorageTest" name="testSelectPoiNotIndexed" time="0.016"/>
  <testcase classname="com.mycompany.uwomapviewer.dataStorageTest" name="testAddPoiRoomNumber" time="0.006"/>
  <testcase classname="com.mycompany.uwomapviewer.dataStorageTest" name="testAddPoiDescription" time="0.008"/>
  <testcase classname="com.mycompany.uwomapviewer.dataStorageTest" name="testAddPoiName" time="0.007"/>
  <testcase classname="com.mycompany.uwomapviewer.dataStorageTest" name="testAddPoiPosY" time="0.005"/>
  <testcase classname="com.mycompany.uwomapviewer.dataStorageTest" name="testGetUserData" time="0.005"/>
  <testcase classname="com.mycompany.uwomapviewer.dataStorageTest" name="testAddPoiPosX" time="0.005"/>
  <testcase classname="com.mycompany.uwomapviewer.dataStorageTest" name="testGetpoiData" time="0.006"/>
  <testcase classname="com.mycompany.uwomapviewer.dataStorageTest" name="testAddPoiBuilding" time="0.003"/>
  <testcase classname="com.mycompany.uwomapviewer.dataStorageTest" name="testAddPoiUser" time="0.003"/>
  <testcase classname="com.mycompany.uwomapviewer.dataStorageTest" name="testAddPoiFloor" time="0.003"/>
  <testcase classname="com.mycompany.uwomapviewer.dataStorageTest" name="testAddPoiFavorite" time="0.006"/>
  <testcase classname="com.mycompany.uwomapviewer.dataStorageTest" name="testDeletePoi" time="0.004"/>
  <testcase classname="com.mycompany.uwomapviewer.dataStorageTest" name="testFavoritePoi" time="0.009"/>
  <testcase classname="com.mycompany.uwomapviewer.dataStorageTest" name="testSelectPoi" time="0.004"/>
  <testcase classname="com.mycompany.uwomapviewer.dataStorageTest" name="testAddPoiCategory" time="0.003"/>
  <testcase classname="com.mycompany.uwomapviewer.dataStorageTest" name="testEditPoi" time="0.007"/>
  <testcase classname="com.mycompany.uwomapviewer.dataStorageTest" name="testSearchPoi" time="0.006"/>
</testsuite>